<?xml version="1.0" encoding="UTF-8"?>
<testng-results ignored="0" total="1" passed="1" failed="0" skipped="0">
  <reporter-output>
  </reporter-output>
  <suite started-at="2022-03-23T14:21:03 IST" name="Default suite" finished-at="2022-03-23T14:21:25 IST" duration-ms="22355">
    <groups>
    </groups>
    <test started-at="2022-03-23T14:21:03 IST" name="Default test" finished-at="2022-03-23T14:21:25 IST" duration-ms="22355">
      <class name="com.sample.test.practice.VtigerTest">
        <test-method signature="loginLogoutVtiger()[pri:0, instance:com.sample.test.practice.VtigerTest@4bb33f74]" started-at="2022-03-23T14:21:03 IST" name="loginLogoutVtiger" finished-at="2022-03-23T14:21:25 IST" duration-ms="22290" status="PASS">
          <reporter-output>
          </reporter-output>
        </test-method> <!-- loginLogoutVtiger -->
      </class> <!-- com.sample.test.practice.VtigerTest -->
    </test> <!-- Default test -->
  </suite> <!-- Default suite -->
</testng-results>
